* using log directory 'C:/Users/paulc/Documents/GitHub/slalom/useffck.Rcheck'
* using R version 4.3.1 (2023-06-16 ucrt)
* using platform: x86_64-w64-mingw32 (64-bit)
* R was compiled by
    gcc.exe (GCC) 12.2.0
    GNU Fortran (GCC) 12.2.0
* running under: Windows 10 x64 (build 19045)
* using session charset: UTF-8
* using options '--no-manual --as-cran'
* checking for file 'useffck/DESCRIPTION' ... OK
* this is package 'useffck' version '0.0.0.9000'
* package encoding: UTF-8
* checking package namespace information ... OK
* checking package dependencies ... OK
* checking if this is a source package ... OK
* checking if there is a namespace ... OK
* checking for executable files ... OK
* checking for hidden files and directories ... OK
* checking for portable file names ... OK
* checking serialization versions ... OK
* checking whether package 'useffck' can be installed ... [19s] OK
* checking installed package size ... OK
* checking package directory ... OK
* checking for future file timestamps ... OK
* checking DESCRIPTION meta-information ... NOTE
Spécification de licence non standard :
  `use_mit_license()`, `use_gpl3_license()` or friends to pick a
  license
Standardisable : FALSE
* checking top-level files ... OK
* checking for left-over files ... OK
* checking index information ... OK
* checking package subdirectories ... OK
* checking R files for non-ASCII characters ... WARNING
Found the following file with non-ASCII characters:
  plot_course_time.R
Portable packages must use only ASCII characters in their R code,
except perhaps in comments.
Use \uxxxx escapes for other characters.
* checking R files for syntax errors ... OK
* checking whether the package can be loaded ... OK
* checking whether the package can be loaded with stated dependencies ... OK
* checking whether the package can be unloaded cleanly ... OK
* checking whether the namespace can be loaded with stated dependencies ... OK
* checking whether the namespace can be unloaded cleanly ... OK
* checking loading without being on the library search path ... OK
* checking dependencies in R code ... OK
* checking S3 generic/method consistency ... OK
* checking replacement functions ... OK
* checking foreign function calls ... OK
* checking R code for possible problems ... [34s] NOTE
plot_course_time: no visible binding for global variable 'Resultats'
plot_course_time: no visible binding for global variable 'Embarcation'
plot_course_time: no visible binding for global variable 'Nom'
plot_course_time: no visible binding for global variable 'Temps_pur'
plot_course_time: no visible binding for global variable 'Penalites'
Undefined global functions or variables:
  Embarcation Nom Penalites Resultats Temps_pur
* checking Rd files ... OK
* checking Rd metadata ... OK
* checking Rd line widths ... OK
* checking Rd cross-references ... OK
* checking for missing documentation entries ... OK
* checking for code/documentation mismatches ... OK
* checking Rd \usage sections ... OK
* checking Rd contents ... OK
* checking for unstated dependencies in examples ... OK
* checking examples ... NONE
* checking for non-standard things in the check directory ... OK
* checking for detritus in the temp directory ... OK
* DONE
Status: 1 WARNING, 2 NOTEs
